{"C:\\Users\\User\\novatech-shipit\\services\\recrutement\\src\\index.js":{"path":"C:\\Users\\User\\novatech-shipit\\services\\recrutement\\src\\index.js","statementMap":{"0":{"start":{"line":1,"column":16},"end":{"line":1,"column":34}},"1":{"start":{"line":2,"column":15},"end":{"line":2,"column":32}},"2":{"start":{"line":3,"column":17},"end":{"line":3,"column":30}},"3":{"start":{"line":4,"column":12},"end":{"line":4,"column":21}},"4":{"start":{"line":5,"column":0},"end":{"line":5,"column":23}},"5":{"start":{"line":6,"column":13},"end":{"line":6,"column":69}},"6":{"start":{"line":9,"column":0},"end":{"line":37,"column":1}},"7":{"start":{"line":10,"column":2},"end":{"line":36,"column":3}},"8":{"start":{"line":11,"column":4},"end":{"line":23,"column":5}},"9":{"start":{"line":12,"column":6},"end":{"line":22,"column":7}},"10":{"start":{"line":24,"column":4},"end":{"line":31,"column":5}},"11":{"start":{"line":25,"column":6},"end":{"line":30,"column":7}},"12":{"start":{"line":32,"column":4},"end":{"line":34,"column":5}},"13":{"start":{"line":33,"column":6},"end":{"line":33,"column":28}},"14":{"start":{"line":35,"column":4},"end":{"line":35,"column":23}},"15":{"start":{"line":40,"column":16},"end":{"line":43,"column":2}},"16":{"start":{"line":42,"column":33},"end":{"line":42,"column":60}},"17":{"start":{"line":44,"column":15},"end":{"line":44,"column":34}},"18":{"start":{"line":55,"column":0},"end":{"line":72,"column":2}},"19":{"start":{"line":56,"column":40},"end":{"line":56,"column":48}},"20":{"start":{"line":59,"column":2},"end":{"line":61,"column":3}},"21":{"start":{"line":60,"column":4},"end":{"line":60,"column":75}},"22":{"start":{"line":63,"column":2},"end":{"line":71,"column":3}},"23":{"start":{"line":64,"column":19},"end":{"line":67,"column":5}},"24":{"start":{"line":68,"column":4},"end":{"line":68,"column":28}},"25":{"start":{"line":70,"column":4},"end":{"line":70,"column":48}},"26":{"start":{"line":75,"column":0},"end":{"line":78,"column":2}},"27":{"start":{"line":76,"column":17},"end":{"line":76,"column":85}},"28":{"start":{"line":77,"column":2},"end":{"line":77,"column":23}},"29":{"start":{"line":87,"column":0},"end":{"line":102,"column":2}},"30":{"start":{"line":88,"column":17},"end":{"line":88,"column":27}},"31":{"start":{"line":89,"column":21},"end":{"line":89,"column":29}},"32":{"start":{"line":92,"column":2},"end":{"line":94,"column":3}},"33":{"start":{"line":93,"column":4},"end":{"line":93,"column":61}},"34":{"start":{"line":96,"column":2},"end":{"line":101,"column":3}},"35":{"start":{"line":97,"column":4},"end":{"line":97,"column":84}},"36":{"start":{"line":98,"column":4},"end":{"line":98,"column":31}},"37":{"start":{"line":100,"column":4},"end":{"line":100,"column":48}},"38":{"start":{"line":107,"column":0},"end":{"line":107,"column":20}},"39":{"start":{"line":110,"column":0},"end":{"line":112,"column":1}},"40":{"start":{"line":111,"column":2},"end":{"line":111,"column":77}},"41":{"start":{"line":111,"column":25},"end":{"line":111,"column":76}}},"fnMap":{"0":{"name":"(anonymous_0)","decl":{"start":{"line":10,"column":15},"end":{"line":10,"column":16}},"loc":{"start":{"line":10,"column":38},"end":{"line":36,"column":3}},"line":10},"1":{"name":"(anonymous_1)","decl":{"start":{"line":42,"column":12},"end":{"line":42,"column":13}},"loc":{"start":{"line":42,"column":31},"end":{"line":42,"column":62}},"line":42},"2":{"name":"(anonymous_2)","decl":{"start":{"line":55,"column":55},"end":{"line":55,"column":56}},"loc":{"start":{"line":55,"column":75},"end":{"line":72,"column":1}},"line":55},"3":{"name":"(anonymous_3)","decl":{"start":{"line":75,"column":34},"end":{"line":75,"column":35}},"loc":{"start":{"line":75,"column":54},"end":{"line":78,"column":1}},"line":75},"4":{"name":"(anonymous_4)","decl":{"start":{"line":87,"column":46},"end":{"line":87,"column":47}},"loc":{"start":{"line":87,"column":66},"end":{"line":102,"column":1}},"line":87},"5":{"name":"(anonymous_5)","decl":{"start":{"line":111,"column":19},"end":{"line":111,"column":20}},"loc":{"start":{"line":111,"column":25},"end":{"line":111,"column":76}},"line":111}},"branchMap":{"0":{"loc":{"start":{"line":9,"column":0},"end":{"line":37,"column":1}},"type":"if","locations":[{"start":{"line":9,"column":0},"end":{"line":37,"column":1}},{"start":{"line":9,"column":0},"end":{"line":37,"column":1}}],"line":9},"1":{"loc":{"start":{"line":11,"column":4},"end":{"line":23,"column":5}},"type":"if","locations":[{"start":{"line":11,"column":4},"end":{"line":23,"column":5}},{"start":{"line":11,"column":4},"end":{"line":23,"column":5}}],"line":11},"2":{"loc":{"start":{"line":19,"column":19},"end":{"line":19,"column":53}},"type":"binary-expr","locations":[{"start":{"line":19,"column":19},"end":{"line":19,"column":28}},{"start":{"line":19,"column":32},"end":{"line":19,"column":53}}],"line":19},"3":{"loc":{"start":{"line":24,"column":4},"end":{"line":31,"column":5}},"type":"if","locations":[{"start":{"line":24,"column":4},"end":{"line":31,"column":5}},{"start":{"line":24,"column":4},"end":{"line":31,"column":5}}],"line":24},"4":{"loc":{"start":{"line":32,"column":4},"end":{"line":34,"column":5}},"type":"if","locations":[{"start":{"line":32,"column":4},"end":{"line":34,"column":5}},{"start":{"line":32,"column":4},"end":{"line":34,"column":5}}],"line":32},"5":{"loc":{"start":{"line":59,"column":2},"end":{"line":61,"column":3}},"type":"if","locations":[{"start":{"line":59,"column":2},"end":{"line":61,"column":3}},{"start":{"line":59,"column":2},"end":{"line":61,"column":3}}],"line":59},"6":{"loc":{"start":{"line":59,"column":6},"end":{"line":59,"column":41}},"type":"binary-expr","locations":[{"start":{"line":59,"column":6},"end":{"line":59,"column":10}},{"start":{"line":59,"column":14},"end":{"line":59,"column":21}},{"start":{"line":59,"column":25},"end":{"line":59,"column":31}},{"start":{"line":59,"column":35},"end":{"line":59,"column":41}}],"line":59},"7":{"loc":{"start":{"line":92,"column":2},"end":{"line":94,"column":3}},"type":"if","locations":[{"start":{"line":92,"column":2},"end":{"line":94,"column":3}},{"start":{"line":92,"column":2},"end":{"line":94,"column":3}}],"line":92},"8":{"loc":{"start":{"line":92,"column":6},"end":{"line":92,"column":37}},"type":"binary-expr","locations":[{"start":{"line":92,"column":6},"end":{"line":92,"column":13}},{"start":{"line":92,"column":17},"end":{"line":92,"column":37}}],"line":92},"9":{"loc":{"start":{"line":110,"column":0},"end":{"line":112,"column":1}},"type":"if","locations":[{"start":{"line":110,"column":0},"end":{"line":112,"column":1}},{"start":{"line":110,"column":0},"end":{"line":112,"column":1}}],"line":110}},"s":{"0":0,"1":0,"2":0,"3":0,"4":0,"5":0,"6":0,"7":0,"8":0,"9":0,"10":0,"11":0,"12":0,"13":0,"14":0,"15":0,"16":0,"17":0,"18":0,"19":0,"20":0,"21":0,"22":0,"23":0,"24":0,"25":0,"26":0,"27":0,"28":0,"29":0,"30":0,"31":0,"32":0,"33":0,"34":0,"35":0,"36":0,"37":0,"38":0,"39":0,"40":0,"41":0},"f":{"0":0,"1":0,"2":0,"3":0,"4":0,"5":0},"b":{"0":[0,0],"1":[0,0],"2":[0,0],"3":[0,0],"4":[0,0],"5":[0,0],"6":[0,0,0,0],"7":[0,0],"8":[0,0],"9":[0,0]},"all":true}}